Determining if the pthread_create exist failed with the following output:
Change Dir: /fs03/share/users/antoine.passemard/home/servo_ws/build/CMakeFiles/CMakeTmp

Run Build Command:"/usr/bin/make" "cmTC_899e3/fast"
/usr/bin/make -f CMakeFiles/cmTC_899e3.dir/build.make CMakeFiles/cmTC_899e3.dir/build
make[1] : on entre dans le répertoire « /fs03/share/users/antoine.passemard/home/servo_ws/build/CMakeFiles/CMakeTmp »
Building C object CMakeFiles/cmTC_899e3.dir/CheckSymbolExists.c.o
/usr/bin/cc    -o CMakeFiles/cmTC_899e3.dir/CheckSymbolExists.c.o   -c /fs03/share/users/antoine.passemard/home/servo_ws/build/CMakeFiles/CMakeTmp/CheckSymbolExists.c
Linking C executable cmTC_899e3
/usr/bin/cmake -E cmake_link_script CMakeFiles/cmTC_899e3.dir/link.txt --verbose=1
/usr/bin/cc      -rdynamic CMakeFiles/cmTC_899e3.dir/CheckSymbolExists.c.o  -o cmTC_899e3 
CMakeFiles/cmTC_899e3.dir/CheckSymbolExists.c.o : Dans la fonction « main » :
CheckSymbolExists.c:(.text+0x1b) : référence indéfinie vers « pthread_create »
collect2: error: ld returned 1 exit status
CMakeFiles/cmTC_899e3.dir/build.make:97: recipe for target 'cmTC_899e3' failed
make[1]: *** [cmTC_899e3] Error 1
make[1] : on quitte le répertoire « /fs03/share/users/antoine.passemard/home/servo_ws/build/CMakeFiles/CMakeTmp »
Makefile:126: recipe for target 'cmTC_899e3/fast' failed
make: *** [cmTC_899e3/fast] Error 2

File /fs03/share/users/antoine.passemard/home/servo_ws/build/CMakeFiles/CMakeTmp/CheckSymbolExists.c:
/* */
#include <pthread.h>

int main(int argc, char** argv)
{
  (void)argv;
#ifndef pthread_create
  return ((int*)(&pthread_create))[argc];
#else
  (void)argc;
  return 0;
#endif
}

Determining if the function pthread_create exists in the pthreads failed with the following output:
Change Dir: /fs03/share/users/antoine.passemard/home/servo_ws/build/CMakeFiles/CMakeTmp

Run Build Command:"/usr/bin/make" "cmTC_35b74/fast"
/usr/bin/make -f CMakeFiles/cmTC_35b74.dir/build.make CMakeFiles/cmTC_35b74.dir/build
make[1] : on entre dans le répertoire « /fs03/share/users/antoine.passemard/home/servo_ws/build/CMakeFiles/CMakeTmp »
Building C object CMakeFiles/cmTC_35b74.dir/CheckFunctionExists.c.o
/usr/bin/cc   -DCHECK_FUNCTION_EXISTS=pthread_create   -o CMakeFiles/cmTC_35b74.dir/CheckFunctionExists.c.o   -c /usr/share/cmake-3.10/Modules/CheckFunctionExists.c
Linking C executable cmTC_35b74
/usr/bin/cmake -E cmake_link_script CMakeFiles/cmTC_35b74.dir/link.txt --verbose=1
/usr/bin/cc  -DCHECK_FUNCTION_EXISTS=pthread_create    -rdynamic CMakeFiles/cmTC_35b74.dir/CheckFunctionExists.c.o  -o cmTC_35b74 -lpthreads 
/usr/bin/ld : ne peut trouver -lpthreads
collect2: error: ld returned 1 exit status
CMakeFiles/cmTC_35b74.dir/build.make:97: recipe for target 'cmTC_35b74' failed
make[1]: *** [cmTC_35b74] Error 1
make[1] : on quitte le répertoire « /fs03/share/users/antoine.passemard/home/servo_ws/build/CMakeFiles/CMakeTmp »
Makefile:126: recipe for target 'cmTC_35b74/fast' failed
make: *** [cmTC_35b74/fast] Error 2


